2022-03-29 20:56:46,311 - Libraries.FileMethods - INFO - File at - config.json successfully found.
2022-03-29 20:56:46,312 - Libraries.FileMethods - INFO - File at - registers.json successfully found.
2022-03-29 20:56:46,482 - Clients.SSHClient - INFO - SSH setup is successful!
2022-03-29 20:56:46,633 - Clients.Modbus - INFO - Modbus setup is successful!
2022-03-29 20:56:46,695 - MainModules.ModuleLoader - INFO - Module TestedModules.ModuleSystem was loaded!
2022-03-29 20:56:46,695 - MainModules.ModuleLoader - INFO - Class object <class 'TestedModules.ModuleSystem.ModuleSystem'> was initialized!
2022-03-29 20:56:46,697 - MainModules.ModuleLoader - INFO - Module TestedModules.ModuleNetwork was loaded!
2022-03-29 20:56:46,697 - MainModules.ModuleLoader - INFO - Class object <class 'TestedModules.ModuleNetwork.ModuleNetwork'> was initialized!
2022-03-29 20:56:46,698 - MainModules.ModuleLoader - INFO - Module TestedModules.ModuleMobile was loaded!
2022-03-29 20:56:46,698 - MainModules.ModuleLoader - INFO - Class object <class 'TestedModules.ModuleMobile.ModuleMobile'> was initialized!
2022-03-29 20:56:46,699 - MainModules.ModuleLoader - INFO - Module TestedModules.ModuleGPS was loaded!
2022-03-29 20:56:46,769 - MainModules.ModuleLoader - INFO - Class object <class 'TestedModules.ModuleGPS.ModuleGPS'> was initialized!
2022-03-29 20:56:46,769 - MainModules.ModuleLoader - INFO - Module TestedModules.ModuleWrite was loaded!
2022-03-29 20:56:46,769 - TestedModules.ModuleWrite - INFO - Allowed write tests count: 4.
2022-03-29 20:56:46,769 - TestedModules.ModuleWrite - INFO - Specified default sim slot is valid!
2022-03-29 20:56:46,769 - MainModules.ModuleLoader - INFO - Class object <class 'TestedModules.ModuleWrite.ModuleWrite'> was initialized!
2022-03-29 20:56:50,326 - Clients.EmailClient - INFO - Email was sent!
2022-03-29 20:56:50,337 - TestedModules.ModuleSystem - INFO - Started ModuleSystem testing!
2022-03-29 20:56:53,946 - TestedModules.ModuleSystem - INFO - Module - ModuleSystem tests are over!
2022-03-29 20:56:53,946 - TestedModules.ModuleNetwork - INFO - Started ModuleNetwork testing!
2022-03-29 20:56:54,843 - __main__ - CRITICAL - User stopped tests with KeyboardInterrupt.
2022-03-29 20:56:54,843 - __main__ - CRITICAL - Program is terminated!
